{
  "stats": {
    "suites": 1,
    "tests": 1,
    "passes": 0,
    "pending": 0,
    "failures": 1,
    "start": "2022-05-15T12:05:20.791Z",
    "end": "2022-05-15T12:05:34.905Z",
    "duration": 14114,
    "testsRegistered": 1,
    "passPercent": 0,
    "pendingPercent": 0,
    "other": 0,
    "hasOther": false,
    "skipped": 0,
    "hasSkipped": false
  },
  "results": [
    {
      "uuid": "47a4c0b9-5d2c-4aa5-aaaa-136b04b6afd0",
      "title": "",
      "fullFile": "cypress/integration/2-advanced-examples/Test9.js",
      "file": "cypress/integration/2-advanced-examples/Test9.js",
      "beforeHooks": [],
      "afterHooks": [],
      "tests": [],
      "suites": [
        {
          "uuid": "fe4d9e4f-2eb0-44d2-8fab-c56a25ef2520",
          "title": "My fifth test suite",
          "fullFile": "",
          "file": "",
          "beforeHooks": [],
          "afterHooks": [],
          "tests": [
            {
              "title": "My fifth test case",
              "fullTitle": "My fifth test suite My fifth test case",
              "timedOut": null,
              "duration": 11772,
              "state": "failed",
              "speed": null,
              "pass": false,
              "fail": true,
              "pending": false,
              "context": "{\n  \"title\": \"cypress-mochawesome-reporter-screenshots\",\n  \"value\": [\n    [\n      {\n        \"title\": \"Failed screenshot\",\n        \"value\": \"\\\\2-advanced-examples\\\\Test9.js\\\\My fifth test suite -- My fifth test case (failed).png\"\n      }\n    ]\n  ]\n}",
              "code": "cy.visit(\"http://demo.automationtesting.in/Register.html\");\ncy.get(\"input[placeholder = 'First Name']\").type('Neevan');\ncy.get(\"input[placeholder = 'Last Name']\").type(\"Khanal\");\ncy.get(\"textarea[ng-model = 'Adress']\").type(\"Baneshwor,Kathmandu\");\ncy.get(\"input[ng-model = 'EmailAdress']\").type(\"neevan@gmail.com\");\ncy.get(\"input[ng-model = 'Phone']\").type('985432102');\ncy.get(\"input[type = 'radio']\").check([\"Male\"]);\ncy.get(\"input[type = 'checkbox']\").check([\"Cricket\", \"Movies\"]);\ncy.get('#Skills').select('Adobe InDesign');\ncy.get(\"#countries\").select(\"Afghanistan\");\ncy.get(\"span[role = 'combobox']\").click();\ncy.get('input[type = \"search\"]').type(\"ne\");\ncy.get(\"span[class = 'select2-results'] ul\").find('li').contains(\"Netherlands\").click();\ncy.get('#yearbox').select('1999');\ncy.get(\"select[placeholder = 'Month']\").select('July');\ncy.get('#daybox').select('21');",
              "err": {
                "message": "CypressError: Timed out retrying after 4000ms: `cy.select()` failed because it could not find a single `<option>` with value or text matching: `Afghanistan`\n\nhttps://on.cypress.io/select",
                "estack": "CypressError: Timed out retrying after 4000ms: `cy.select()` failed because it could not find a single `<option>` with value or text matching: `Afghanistan`\n\nhttps://on.cypress.io/select\n    at getOptions (http://demo.automationtesting.in/__cypress/runner/cypress_runner.js:139187:21)\n    at tryCatcher (http://demo.automationtesting.in/__cypress/runner/cypress_runner.js:13212:23)\n    at Function.Promise.attempt.Promise.try (http://demo.automationtesting.in/__cypress/runner/cypress_runner.js:10486:29)\n    at retryOptions (http://demo.automationtesting.in/__cypress/runner/cypress_runner.js:139225:27)\n    at tryCatcher (http://demo.automationtesting.in/__cypress/runner/cypress_runner.js:13212:23)\n    at Function.Promise.attempt.Promise.try (http://demo.automationtesting.in/__cypress/runner/cypress_runner.js:10486:29)\n    at tryFn (http://demo.automationtesting.in/__cypress/runner/cypress_runner.js:153281:21)\n    at whenStable (http://demo.automationtesting.in/__cypress/runner/cypress_runner.js:153319:12)\n    at http://demo.automationtesting.in/__cypress/runner/cypress_runner.js:152811:16\n    at tryCatcher (http://demo.automationtesting.in/__cypress/runner/cypress_runner.js:13212:23)\n    at Promise._settlePromiseFromHandler (http://demo.automationtesting.in/__cypress/runner/cypress_runner.js:11147:31)\n    at Promise._settlePromise (http://demo.automationtesting.in/__cypress/runner/cypress_runner.js:11204:18)\n    at Promise._settlePromise0 (http://demo.automationtesting.in/__cypress/runner/cypress_runner.js:11249:10)\n    at Promise._settlePromises (http://demo.automationtesting.in/__cypress/runner/cypress_runner.js:11329:18)\n    at Promise._fulfill (http://demo.automationtesting.in/__cypress/runner/cypress_runner.js:11273:18)\n    at http://demo.automationtesting.in/__cypress/runner/cypress_runner.js:12887:46\nFrom Your Spec Code:\n    at Context.eval (http://demo.automationtesting.in/__cypress/tests?p=cypress\\integration\\2-advanced-examples\\Test9.js:114:26)",
                "diff": null
              },
              "uuid": "68939148-7ce8-4ca7-9e1a-9b013d1157cd",
              "parentUUID": "fe4d9e4f-2eb0-44d2-8fab-c56a25ef2520",
              "isHook": false,
              "skipped": false
            }
          ],
          "suites": [],
          "passes": [],
          "failures": [
            "68939148-7ce8-4ca7-9e1a-9b013d1157cd"
          ],
          "pending": [],
          "skipped": [],
          "duration": 11772,
          "root": false,
          "rootEmpty": false,
          "_timeout": 2000
        }
      ],
      "passes": [],
      "failures": [],
      "pending": [],
      "skipped": [],
      "duration": 0,
      "root": true,
      "rootEmpty": true,
      "_timeout": 2000
    }
  ],
  "meta": {
    "mocha": {
      "version": "7.0.1"
    },
    "mochawesome": {
      "options": {
        "quiet": false,
        "reportFilename": "mochawesome",
        "saveHtml": true,
        "saveJson": true,
        "consoleReporter": "spec",
        "useInlineDiffs": false,
        "code": true
      },
      "version": "6.3.1"
    },
    "marge": {
      "options": null,
      "version": "5.2.0"
    }
  }
}